{
  message: 'Database connection',
  level: 'info',
  label: 'phu',
  timestamp: '2023-06-14T16:01:17.197Z'
}
{
  message: 'Example app listening on port 5000',
  level: 'info',
  label: 'phu',
  timestamp: '2023-06-14T16:01:17.224Z'
}
{
  message: 'Database connection',
  level: 'info',
  label: 'phu',
  timestamp: '2023-06-14T16:06:44.010Z'
}
{
  message: 'Example app listening on port 5000',
  level: 'info',
  label: 'phu',
  timestamp: '2023-06-14T16:06:44.032Z'
}
{
  message: 'Database connection',
  level: 'info',
  label: 'phu',
  timestamp: '2023-06-14T16:09:44.672Z'
}
{
  message: 'Example app listening on port 5000',
  level: 'info',
  label: 'phu',
  timestamp: '2023-06-14T16:09:44.693Z'
}
{
  message: 'Database connection',
  level: 'info',
  label: 'phu',
  timestamp: '2023-06-14T16:13:08.156Z'
}
{
  message: 'Example app listening on port 5000',
  level: 'info',
  label: 'phu',
  timestamp: '2023-06-14T16:13:08.229Z'
}
{
  message: 'Database connection',
  level: 'info',
  label: 'phu',
  timestamp: '2023-06-14T16:13:24.231Z'
}
{
  message: 'Example app listening on port 5000',
  level: 'info',
  label: 'phu',
  timestamp: '2023-06-14T16:13:24.248Z'
}
{
  message: 'Database connection',
  level: 'info',
  label: 'phu',
  timestamp: '2023-06-14T16:16:09.563Z'
}
{
  message: 'Example app listening on port 5000',
  level: 'info',
  label: 'phu',
  timestamp: '2023-06-14T16:16:09.580Z'
}
{
  message: 'Database connection',
  level: 'info',
  label: 'phu',
  timestamp: '2023-06-14T16:27:36.863Z'
}
{
  message: 'Example app listening on port 5000',
  level: 'info',
  label: 'phu',
  timestamp: '2023-06-14T16:27:36.877Z'
}
{
  message: 'Database connection',
  level: 'info',
  label: 'phu',
  timestamp: '2023-06-14T16:31:43.515Z'
}
{
  message: 'Example app listening on port 5000',
  level: 'info',
  label: 'phu',
  timestamp: '2023-06-14T16:31:43.552Z'
}
{
  message: 'Database connection',
  level: 'info',
  label: 'phu',
  timestamp: '2023-06-14T16:44:23.673Z'
}
{
  message: 'Example app listening on port 5000',
  level: 'info',
  label: 'phu',
  timestamp: '2023-06-14T16:44:23.694Z'
}
{
  message: 'Database connection',
  level: 'info',
  label: 'phu',
  timestamp: '2023-06-14T16:44:32.669Z'
}
{
  message: 'Example app listening on port 5000',
  level: 'info',
  label: 'phu',
  timestamp: '2023-06-14T16:44:32.686Z'
}
{
  message: 'Database connection',
  level: 'info',
  label: 'phu',
  timestamp: '2023-06-14T16:47:25.658Z'
}
{
  message: 'Example app listening on port 5000',
  level: 'info',
  label: 'phu',
  timestamp: '2023-06-14T16:47:25.674Z'
}
{
  message: 'Database connection',
  level: 'info',
  label: 'phu',
  timestamp: '2023-06-14T16:49:00.906Z'
}
{
  message: 'Example app listening on port 5000',
  level: 'info',
  label: 'phu',
  timestamp: '2023-06-14T16:49:00.919Z'
}
{
  message: 'Database connection',
  level: 'info',
  label: 'phu',
  timestamp: '2023-06-14T16:49:59.515Z'
}
{
  message: 'Example app listening on port 5000',
  level: 'info',
  label: 'phu',
  timestamp: '2023-06-14T16:49:59.538Z'
}
{
  message: 'Database connection',
  level: 'info',
  label: 'phu',
  timestamp: '2023-06-14T16:51:51.682Z'
}
{
  message: 'Example app listening on port 5000',
  level: 'info',
  label: 'phu',
  timestamp: '2023-06-14T16:51:51.698Z'
}
{
  message: 'Database connection',
  level: 'info',
  label: 'phu',
  timestamp: '2023-06-14T16:53:15.645Z'
}
{
  message: 'Example app listening on port 5000',
  level: 'info',
  label: 'phu',
  timestamp: '2023-06-14T16:53:15.661Z'
}
{
  message: 'Database connection',
  level: 'info',
  label: 'phu',
  timestamp: '2023-06-14T16:53:47.979Z'
}
{
  message: 'Example app listening on port 5000',
  level: 'info',
  label: 'phu',
  timestamp: '2023-06-14T16:53:48.009Z'
}
