{
  message: 'Database connection',
  level: 'info',
  label: 'phu',
  timestamp: '2023-06-08T02:05:34.353Z'
}
{
  message: 'Example app listening on port 5000',
  level: 'info',
  label: 'phu',
  timestamp: '2023-06-08T02:05:34.395Z'
}
{
  message: 'Database connection',
  level: 'info',
  label: 'phu',
  timestamp: '2023-06-08T02:21:29.847Z'
}
{
  message: 'Example app listening on port 5000',
  level: 'info',
  label: 'phu',
  timestamp: '2023-06-08T02:21:29.879Z'
}
{
  message: 'Database connection',
  level: 'info',
  label: 'phu',
  timestamp: '2023-06-08T02:26:15.666Z'
}
{
  message: 'Example app listening on port 5000',
  level: 'info',
  label: 'phu',
  timestamp: '2023-06-08T02:26:15.714Z'
}
{
  message: 'Database connection',
  level: 'info',
  label: 'phu',
  timestamp: '2023-06-08T02:29:02.832Z'
}
{
  message: 'Example app listening on port 5000',
  level: 'info',
  label: 'phu',
  timestamp: '2023-06-08T02:29:02.948Z'
}
{
  message: 'Database connection',
  level: 'info',
  label: 'phu',
  timestamp: '2023-06-08T02:29:58.657Z'
}
{
  message: 'Example app listening on port 5000',
  level: 'info',
  label: 'phu',
  timestamp: '2023-06-08T02:29:58.767Z'
}
