{
  message: 'Database connection',
  level: 'info',
  label: 'phu',
  timestamp: '2023-06-10T03:05:00.090Z'
}
{
  message: 'Example app listening on port 5000',
  level: 'info',
  label: 'phu',
  timestamp: '2023-06-10T03:05:00.151Z'
}
{
  message: 'Database connection',
  level: 'info',
  label: 'phu',
  timestamp: '2023-06-10T03:40:42.690Z'
}
{
  message: 'Example app listening on port 5000',
  level: 'info',
  label: 'phu',
  timestamp: '2023-06-10T03:40:42.741Z'
}
{
  message: 'Database connection',
  level: 'info',
  label: 'phu',
  timestamp: '2023-06-10T03:41:22.284Z'
}
{
  message: 'Example app listening on port 5000',
  level: 'info',
  label: 'phu',
  timestamp: '2023-06-10T03:41:22.322Z'
}
{
  message: 'Database connection',
  level: 'info',
  label: 'phu',
  timestamp: '2023-06-10T03:41:46.952Z'
}
{
  message: 'Example app listening on port 5000',
  level: 'info',
  label: 'phu',
  timestamp: '2023-06-10T03:41:46.981Z'
}
{
  message: 'Database connection',
  level: 'info',
  label: 'phu',
  timestamp: '2023-06-10T03:56:49.306Z'
}
{
  message: 'Example app listening on port 5000',
  level: 'info',
  label: 'phu',
  timestamp: '2023-06-10T03:56:49.347Z'
}
