{
  message: 'Database connection',
  level: 'info',
  label: 'phu',
  timestamp: '2023-06-14T12:13:18.938Z'
}
{
  message: 'Example app listening on port 5000',
  level: 'info',
  label: 'phu',
  timestamp: '2023-06-14T12:13:18.994Z'
}
{
  message: 'Database connection',
  level: 'info',
  label: 'phu',
  timestamp: '2023-06-14T12:29:00.403Z'
}
{
  message: 'Example app listening on port 5000',
  level: 'info',
  label: 'phu',
  timestamp: '2023-06-14T12:29:00.542Z'
}
{
  message: 'Database connection',
  level: 'info',
  label: 'phu',
  timestamp: '2023-06-14T12:46:15.398Z'
}
{
  message: 'Example app listening on port 5000',
  level: 'info',
  label: 'phu',
  timestamp: '2023-06-14T12:46:15.437Z'
}
{
  message: 'Database connection',
  level: 'info',
  label: 'phu',
  timestamp: '2023-06-14T12:47:56.263Z'
}
{
  message: 'Example app listening on port 5000',
  level: 'info',
  label: 'phu',
  timestamp: '2023-06-14T12:47:56.309Z'
}
