{
  message: 'Database connection',
  level: 'info',
  label: 'phu',
  timestamp: '2023-06-07T02:23:49.474Z'
}
{
  message: 'Example app listening on port 5000',
  level: 'info',
  label: 'phu',
  timestamp: '2023-06-07T02:23:49.517Z'
}
{
  message: 'Database connection',
  level: 'info',
  label: 'phu',
  timestamp: '2023-06-07T02:27:45.935Z'
}
{
  message: 'Example app listening on port 5000',
  level: 'info',
  label: 'phu',
  timestamp: '2023-06-07T02:27:46.056Z'
}
{
  message: 'Database connection',
  level: 'info',
  label: 'phu',
  timestamp: '2023-06-07T02:29:11.310Z'
}
{
  message: 'Example app listening on port 5000',
  level: 'info',
  label: 'phu',
  timestamp: '2023-06-07T02:29:11.442Z'
}
